.\.venv\Scripts\python.exe : Warning: You are sending unauthenticated requests to the HF Hub. Please set a HF_TOKEN to 
enable higher rate limits and faster downloads.
At line:1 char:445
+ ... RNINGS="1"; .\.venv\Scripts\python.exe -m indosmish.models.train_enco ...
+                 ~~~~~~~~~~~~~~~~~~~~~~~~~~~~~~~~~~~~~~~~~~~~~~~~~~~~~~~~~
    + CategoryInfo          : NotSpecified: (Warning: You ar...ster downloads.:String) [], RemoteException
    + FullyQualifiedErrorId : NativeCommandError
 

Loading weights:   0%|          | 0/199 [00:00<?, ?it/s]
Loading weights: 100%|██████████| 199/199 [00:00<00:00, 31161.71it/s]
[transformers] [1mBertForSequenceClassification LOAD REPORT[0m from: google/muril-base-cased
Key                                        | Status     | 
-------------------------------------------+------------+-
cls.predictions.bias                       | UNEXPECTED | 
cls.seq_relationship.bias                  | UNEXPECTED | 
cls.predictions.decoder.bias               | UNEXPECTED | 
cls.predictions.transform.LayerNorm.bias   | UNEXPECTED | 
cls.predictions.transform.dense.bias       | UNEXPECTED | 
cls.seq_relationship.weight                | UNEXPECTED | 
cls.predictions.transform.dense.weight     | UNEXPECTED | 
cls.predictions.transform.LayerNorm.weight | UNEXPECTED | 
cls.predictions.decoder.weight             | UNEXPECTED | 
classifier.bias                            | MISSING    | 
classifier.weight                          | MISSING    | 

Notes:
- UNEXPECTED:	can be ignored when loading from different task/architecture; not ok if you expect identical arch.
- MISSING:	those params were newly initialized because missing from the checkpoint. Consider training on your 
downstream task.
The OrderedVocab you are attempting to save contains holes for indices [202, 437, 1046, 1057, 1118, 1135, 1150, 1162, 1318, 1445, 1473, 1610, 1626, 1775, 3517, 3643, 4513, 5830, 7834, 12787, 13244, 19712, 25184, 27726, 28024, 31739, 65274], your vocabulary could be corrupted!

Map:   0%|          | 0/2884 [00:00<?, ? examples/s]
Map: 100%|██████████| 2884/2884 [00:00<00:00, 11774.83 examples/s]
Map: 100%|██████████| 2884/2884 [00:00<00:00, 11679.19 examples/s]
The OrderedVocab you are attempting to save contains holes for indices [202, 437, 1046, 1057, 1118, 1135, 1150, 1162, 1318, 1445, 1473, 1610, 1626, 1775, 3517, 3643, 4513, 5830, 7834, 12787, 13244, 19712, 25184, 27726, 28024, 31739, 65274], your vocabulary could be corrupted!

Map:   0%|          | 0/618 [00:00<?, ? examples/s]
Map: 100%|██████████| 618/618 [00:00<00:00, 31548.40 examples/s]

  0%|          | 0/724 [00:00<?, ?it/s]
  0%|          | 1/724 [00:00<08:36,  1.40it/s]
  0%|          | 2/724 [00:01<06:29,  1.85it/s]
  0%|          | 3/724 [00:01<06:33,  1.83it/s]
  1%|          | 4/724 [00:02<08:15,  1.45it/s]
  1%|          | 5/724 [00:03<09:57,  1.20it/s]
  1%|          | 6/724 [00:04<09:14,  1.30it/s]
  1%|          | 7/724 [00:05<10:48,  1.10it/s]
  1%|          | 8/724 [00:06<11:11,  1.07it/s]
  1%|          | 9/724 [00:07<09:42,  1.23it/s]
  1%|▏         | 10/724 [00:07<08:46,  1.36it/s]
  2%|▏         | 11/724 [00:08<08:13,  1.44it/s]
  2%|▏         | 12/724 [00:08<07:53,  1.50it/s]
  2%|▏         | 13/724 [00:09<09:12,  1.29it/s]
  2%|▏         | 14/724 [00:10<08:51,  1.34it/s]
  2%|▏         | 15/724 [00:11<10:00,  1.18it/s]
  2%|▏         | 16/724 [00:12<09:23,  1.26it/s]
  2%|▏         | 17/724 [00:13<09:07,  1.29it/s]
  2%|▏         | 18/724 [00:14<11:06,  1.06it/s]
  3%|▎         | 19/724 [00:15<10:20,  1.14it/s]
  3%|▎         | 20/724 [00:16<11:55,  1.02s/it]
  3%|▎         | 21/724 [00:16<10:11,  1.15it/s]
  3%|▎         | 22/724 [00:17<10:07,  1.16it/s]
  3%|▎         | 23/724 [00:18<08:48,  1.33it/s]
  3%|▎         | 24/724 [00:18<08:16,  1.41it/s]
  3%|▎         | 25/724 [00:19<08:29,  1.37it/s]
                                                

  3%|▎         | 25/724 [00:20<08:29,  1.37it/s]
  4%|▎         | 26/724 [00:20<09:33,  1.22it/s]
  4%|▎         | 27/724 [00:21<08:32,  1.36it/s]
  4%|▍         | 28/724 [00:21<07:45,  1.50it/s]
  4%|▍         | 29/724 [00:22<07:29,  1.54it/s]
  4%|▍         | 30/724 [00:22<07:10,  1.61it/s]
  4%|▍         | 31/724 [00:23<07:14,  1.60it/s]
  4%|▍         | 32/724 [00:24<07:09,  1.61it/s]
  5%|▍         | 33/724 [00:24<07:32,  1.53it/s]
  5%|▍         | 34/724 [00:25<07:26,  1.54it/s]
  5%|▍         | 35/724 [00:26<07:55,  1.45it/s]
  5%|▍         | 36/724 [00:27<07:53,  1.45it/s]
  5%|▌         | 37/724 [00:27<07:27,  1.53it/s]
  5%|▌         | 38/724 [00:28<07:05,  1.61it/s]
  5%|▌         | 39/724 [00:28<06:53,  1.66it/s]
  6%|▌         | 40/724 [00:29<07:05,  1.61it/s]
  6%|▌         | 41/724 [00:30<07:21,  1.55it/s]
  6%|▌         | 42/724 [00:30<07:17,  1.56it/s]
  6%|▌         | 43/724 [00:31<07:16,  1.56it/s]
  6%|▌         | 44/724 [00:32<08:32,  1.33it/s]
  6%|▌         | 45/724 [00:32<08:11,  1.38it/s]
  6%|▋         | 46/724 [00:33<08:24,  1.34it/s]
  6%|▋         | 47/724 [00:34<08:01,  1.41it/s]
  7%|▋         | 48/724 [00:35<07:50,  1.44it/s]
  7%|▋         | 49/724 [00:35<07:19,  1.53it/s]
  7%|▋         | 50/724 [00:36<08:47,  1.28it/s]
                                                

  7%|▋         | 50/724 [00:37<08:47,  1.28it/s]
  7%|▋         | 51/724 [00:37<08:26,  1.33it/s]
  7%|▋         | 52/724 [00:38<08:08,  1.38it/s]
  7%|▋         | 53/724 [00:38<07:43,  1.45it/s]
  7%|▋         | 54/724 [00:39<09:51,  1.13it/s]
  8%|▊         | 55/724 [00:40<09:07,  1.22it/s]
  8%|▊         | 56/724 [00:41<09:05,  1.22it/s]
  8%|▊         | 57/724 [00:42<08:44,  1.27it/s]
  8%|▊         | 58/724 [00:42<07:59,  1.39it/s]
  8%|▊         | 59/724 [00:43<08:10,  1.36it/s]
  8%|▊         | 60/724 [00:44<10:10,  1.09it/s]
  8%|▊         | 61/724 [00:45<09:29,  1.16it/s]
  9%|▊         | 62/724 [00:46<08:11,  1.35it/s]
  9%|▊         | 63/724 [00:46<07:43,  1.43it/s]
  9%|▉         | 64/724 [00:47<07:05,  1.55it/s]
  9%|▉         | 65/724 [00:47<07:15,  1.51it/s]
  9%|▉         | 66/724 [00:48<07:08,  1.53it/s]
  9%|▉         | 67/724 [00:49<07:11,  1.52it/s]
  9%|▉         | 68/724 [00:49<06:43,  1.63it/s]
 10%|▉         | 69/724 [00:50<06:47,  1.61it/s]
 10%|▉         | 70/724 [00:50<06:33,  1.66it/s]
 10%|▉         | 71/724 [00:51<06:10,  1.76it/s]
 10%|▉         | 72/724 [00:51<06:03,  1.79it/s]
 10%|█         | 73/724 [00:52<06:37,  1.64it/s]
 10%|█         | 74/724 [00:53<07:59,  1.36it/s]
 10%|█         | 75/724 [00:54<07:47,  1.39it/s]
                                                

 10%|█         | 75/724 [00:54<07:47,  1.39it/s]
 10%|█         | 76/724 [00:54<07:11,  1.50it/s]
 11%|█         | 77/724 [00:55<06:51,  1.57it/s]
 11%|█         | 78/724 [00:56<07:07,  1.51it/s]
 11%|█         | 79/724 [00:56<07:28,  1.44it/s]
 11%|█         | 80/724 [00:57<07:03,  1.52it/s]
 11%|█         | 81/724 [00:58<06:35,  1.63it/s]
 11%|█▏        | 82/724 [00:59<08:59,  1.19it/s]
 11%|█▏        | 83/724 [00:59<08:09,  1.31it/s]
 12%|█▏        | 84/724 [01:00<07:38,  1.40it/s]
 12%|█▏        | 85/724 [01:01<07:07,  1.49it/s]
 12%|█▏        | 86/724 [01:01<06:52,  1.55it/s]
 12%|█▏        | 87/724 [01:02<06:59,  1.52it/s]
 12%|█▏        | 88/724 [01:02<06:37,  1.60it/s]
 12%|█▏        | 89/724 [01:03<06:32,  1.62it/s]
 12%|█▏        | 90/724 [01:04<06:02,  1.75it/s]
 13%|█▎        | 91/724 [01:04<06:00,  1.75it/s]
 13%|█▎        | 92/724 [01:05<06:04,  1.74it/s]
 13%|█▎        | 93/724 [01:06<08:26,  1.25it/s]
 13%|█▎        | 94/724 [01:07<07:54,  1.33it/s]
 13%|█▎        | 95/724 [01:07<07:14,  1.45it/s]
 13%|█▎        | 96/724 [01:08<07:02,  1.49it/s]
 13%|█▎        | 97/724 [01:09<07:05,  1.47it/s]
 14%|█▎        | 98/724 [01:10<08:11,  1.27it/s]
 14%|█▎        | 99/724 [01:10<07:33,  1.38it/s]
 14%|█▍        | 100/724 [01:11<06:40,  1.56it/s]
                                                 

 14%|█▍        | 100/724 [01:11<06:40,  1.56it/s]
 14%|█▍        | 101/724 [01:11<06:46,  1.53it/s]
 14%|█▍        | 102/724 [01:12<06:14,  1.66it/s]
 14%|█▍        | 103/724 [01:13<06:58,  1.48it/s]
 14%|█▍        | 104/724 [01:13<06:56,  1.49it/s]
 15%|█▍        | 105/724 [01:14<06:43,  1.53it/s]
 15%|█▍        | 106/724 [01:15<06:40,  1.54it/s]
 15%|█▍        | 107/724 [01:15<07:14,  1.42it/s]
 15%|█▍        | 108/724 [01:16<06:52,  1.49it/s]
 15%|█▌        | 109/724 [01:17<08:47,  1.17it/s]
 15%|█▌        | 110/724 [01:18<08:39,  1.18it/s]
 15%|█▌        | 111/724 [01:19<08:09,  1.25it/s]
 15%|█▌        | 112/724 [01:19<07:16,  1.40it/s]
 16%|█▌        | 113/724 [01:20<07:19,  1.39it/s]
 16%|█▌        | 114/724 [01:21<06:47,  1.50it/s]
 16%|█▌        | 115/724 [01:21<06:23,  1.59it/s]
 16%|█▌        | 116/724 [01:22<05:59,  1.69it/s]
 16%|█▌        | 117/724 [01:22<05:53,  1.71it/s]
 16%|█▋        | 118/724 [01:23<07:12,  1.40it/s]
 16%|█▋        | 119/724 [01:24<06:38,  1.52it/s]
 17%|█▋        | 120/724 [01:24<06:09,  1.63it/s]
 17%|█▋        | 121/724 [01:25<06:41,  1.50it/s]
 17%|█▋        | 122/724 [01:26<08:41,  1.15it/s]
 17%|█▋        | 123/724 [01:27<08:15,  1.21it/s]
 17%|█▋        | 124/724 [01:28<07:50,  1.27it/s]
 17%|█▋        | 125/724 [01:28<07:22,  1.35it/s]
                                                 

 17%|█▋        | 125/724 [01:29<07:22,  1.35it/s]
 17%|█▋        | 126/724 [01:29<06:50,  1.46it/s]
 18%|█▊        | 127/724 [01:29<06:18,  1.58it/s]
 18%|█▊        | 128/724 [01:30<06:19,  1.57it/s]
 18%|█▊        | 129/724 [01:31<06:23,  1.55it/s]
 18%|█▊        | 130/724 [01:32<06:39,  1.49it/s]
 18%|█▊        | 131/724 [01:32<06:24,  1.54it/s]
 18%|█▊        | 132/724 [01:33<06:08,  1.61it/s]
 18%|█▊        | 133/724 [01:33<05:36,  1.75it/s]
 19%|█▊        | 134/724 [01:34<05:37,  1.75it/s]
 19%|█▊        | 135/724 [01:34<05:26,  1.80it/s]
 19%|█▉        | 136/724 [01:35<05:17,  1.85it/s]
 19%|█▉        | 137/724 [01:35<05:32,  1.76it/s]
 19%|█▉        | 138/724 [01:36<05:56,  1.64it/s]
 19%|█▉        | 139/724 [01:37<05:47,  1.68it/s]
 19%|█▉        | 140/724 [01:37<06:11,  1.57it/s]
 19%|█▉        | 141/724 [01:38<06:28,  1.50it/s]
 20%|█▉        | 142/724 [01:39<05:52,  1.65it/s]
 20%|█▉        | 143/724 [01:39<06:15,  1.55it/s]
 20%|█▉        | 144/724 [01:40<06:07,  1.58it/s]
 20%|██        | 145/724 [01:40<05:50,  1.65it/s]
 20%|██        | 146/724 [01:41<05:35,  1.72it/s]
 20%|██        | 147/724 [01:42<05:33,  1.73it/s]
 20%|██        | 148/724 [01:43<06:48,  1.41it/s]
 21%|██        | 149/724 [01:44<07:35,  1.26it/s]
 21%|██        | 150/724 [01:44<07:55,  1.21it/s]
                                                 

 21%|██        | 150/724 [01:45<07:55,  1.21it/s]
 21%|██        | 151/724 [01:45<06:51,  1.39it/s]
 21%|██        | 152/724 [01:46<07:56,  1.20it/s]
 21%|██        | 153/724 [01:47<07:07,  1.34it/s]
 21%|██▏       | 154/724 [01:47<06:58,  1.36it/s]
 21%|██▏       | 155/724 [01:48<06:35,  1.44it/s]
 22%|██▏       | 156/724 [01:49<07:04,  1.34it/s]
 22%|██▏       | 157/724 [01:49<06:27,  1.46it/s]
 22%|██▏       | 158/724 [01:50<05:53,  1.60it/s]
 22%|██▏       | 159/724 [01:50<04:58,  1.90it/s]
 22%|██▏       | 160/724 [01:51<05:21,  1.76it/s]
 22%|██▏       | 161/724 [01:51<05:41,  1.65it/s]
 22%|██▏       | 162/724 [01:52<05:55,  1.58it/s]
 23%|██▎       | 163/724 [01:53<07:52,  1.19it/s]
 23%|██▎       | 164/724 [01:55<08:46,  1.06it/s]
 23%|██▎       | 165/724 [01:55<08:24,  1.11it/s]
 23%|██▎       | 166/724 [01:56<07:22,  1.26it/s]
 23%|██▎       | 167/724 [01:57<06:48,  1.36it/s]
 23%|██▎       | 168/724 [01:57<06:23,  1.45it/s]
 23%|██▎       | 169/724 [01:58<05:53,  1.57it/s]
 23%|██▎       | 170/724 [01:58<05:49,  1.58it/s]
 24%|██▎       | 171/724 [01:59<05:59,  1.54it/s]
 24%|██▍       | 172/724 [02:00<06:01,  1.53it/s]
 24%|██▍       | 173/724 [02:00<05:40,  1.62it/s]
 24%|██▍       | 174/724 [02:01<05:30,  1.66it/s]
 24%|██▍       | 175/724 [02:02<06:05,  1.50it/s]
                                                 

 24%|██▍       | 175/724 [02:02<06:05,  1.50it/s]
 24%|██▍       | 176/724 [02:02<05:48,  1.57it/s]
 24%|██▍       | 177/724 [02:03<06:13,  1.47it/s]
 25%|██▍       | 178/724 [02:03<05:49,  1.56it/s]
 25%|██▍       | 179/724 [02:04<05:34,  1.63it/s]
 25%|██▍       | 180/724 [02:05<05:50,  1.55it/s]
{'loss': '1.083', 'grad_norm': '0.4804', 'learning_rate': '1.934e-05', 'epoch': '0.1381'}
{'loss': '1.011', 'grad_norm': '0.477', 'learning_rate': '1.865e-05', 'epoch': '0.2762'}
{'loss': '0.9469', 'grad_norm': '0.6507', 'learning_rate': '1.796e-05', 'epoch': '0.4144'}
{'loss': '0.8741', 'grad_norm': '5.384', 'learning_rate': '1.727e-05', 'epoch': '0.5525'}
{'loss': '0.7873', 'grad_norm': '1.039', 'learning_rate': '1.657e-05', 'epoch': '0.6906'}
{'loss': '0.712', 'grad_norm': '1.092', 'learning_rate': '1.588e-05', 'epoch': '0.8287'}
{'loss': '0.6479', 'grad_norm': '0.8684', 'learning_rate': '1.522e-05', 'epoch': '0.9669'}
 25%|██▌       | 181/724 [02:05<05:11,  1.74it/s]

  0%|          | 0/39 [00:00<?, ?it/s][A

 13%|█▎        | 5/39 [00:00<00:00, 40.97it/s][A

 26%|██▌       | 10/39 [00:00<00:00, 40.32it/s][A

 38%|███▊      | 15/39 [00:00<00:00, 39.47it/s][A

 49%|████▊     | 19/39 [00:00<00:00, 39.25it/s][A

 59%|█████▉    | 23/39 [00:00<00:00, 38.98it/s][A

 69%|██████▉   | 27/39 [00:00<00:00, 38.77it/s][A

 79%|███████▉  | 31/39 [00:00<00:00, 36.20it/s][A

 90%|████████▉ | 35/39 [00:00<00:00, 37.20it/s][A

100%|██████████| 39/39 [00:01<00:00, 36.57it/s][A
                                                 


                                               
[A
 25%|██▌       | 181/724 [02:07<05:11,  1.74it/s]

100%|██████████| 39/39 [00:01<00:00, 36.57it/s][A

{'eval_loss': '0.5804', 'eval_macro_f1': '0.5692', 'eval_smishing_recall': '0', 'eval_runtime': '1.415', 'eval_samples_per_second': '436.6', 'eval_steps_per_second': '27.56', 'epoch': '1'}
                                               [A

Writing model shards:   0%|          | 0/1 [00:00<?, ?it/s][A

Writing model shards: 100%|██████████| 1/1 [00:01<00:00,  1.11s/it][A
Writing model shards: 100%|██████████| 1/1 [00:01<00:00,  1.11s/it]
The OrderedVocab you are attempting to save contains holes for indices [202, 437, 1046, 1057, 1118, 1135, 1150, 1162, 1318, 1445, 1473, 1610, 1626, 1775, 3517, 3643, 4513, 5830, 7834, 12787, 13244, 19712, 25184, 27726, 28024, 31739, 65274], your vocabulary could be corrupted!

 25%|██▌       | 182/724 [02:11<18:47,  2.08s/it]
 25%|██▌       | 183/724 [02:11<14:39,  1.63s/it]
 25%|██▌       | 184/724 [02:12<12:13,  1.36s/it]
 26%|██▌       | 185/724 [02:13<10:00,  1.11s/it]
 26%|██▌       | 186/724 [02:13<08:30,  1.05it/s]
 26%|██▌       | 187/724 [02:14<07:35,  1.18it/s]
 26%|██▌       | 188/724 [02:15<07:39,  1.17it/s]
 26%|██▌       | 189/724 [02:15<07:28,  1.19it/s]
 26%|██▌       | 190/724 [02:16<06:52,  1.29it/s]
 26%|██▋       | 191/724 [02:17<07:04,  1.26it/s]
 27%|██▋       | 192/724 [02:18<06:37,  1.34it/s]
 27%|██▋       | 193/724 [02:19<08:04,  1.10it/s]
 27%|██▋       | 194/724 [02:19<07:14,  1.22it/s]
 27%|██▋       | 195/724 [02:20<06:30,  1.35it/s]
 27%|██▋       | 196/724 [02:21<06:02,  1.46it/s]
 27%|██▋       | 197/724 [02:21<05:27,  1.61it/s]
 27%|██▋       | 198/724 [02:22<05:14,  1.67it/s]
 27%|██▋       | 199/724 [02:22<04:49,  1.81it/s]
 28%|██▊       | 200/724 [02:22<03:51,  2.26it/s]
                                                 

 28%|██▊       | 200/724 [02:22<03:51,  2.26it/s]
 28%|██▊       | 201/724 [02:23<04:08,  2.11it/s]
 28%|██▊       | 202/724 [02:23<04:18,  2.02it/s]
 28%|██▊       | 203/724 [02:24<04:17,  2.03it/s]
 28%|██▊       | 204/724 [02:24<04:54,  1.76it/s]
 28%|██▊       | 205/724 [02:26<06:54,  1.25it/s]
 28%|██▊       | 206/724 [02:26<06:21,  1.36it/s]
 29%|██▊       | 207/724 [02:27<05:50,  1.47it/s]
 29%|██▊       | 208/724 [02:28<05:38,  1.52it/s]
 29%|██▉       | 209/724 [02:28<06:02,  1.42it/s]
 29%|██▉       | 210/724 [02:30<07:37,  1.12it/s]
 29%|██▉       | 211/724 [02:30<07:09,  1.20it/s]
 29%|██▉       | 212/724 [02:31<06:36,  1.29it/s]
 29%|██▉       | 213/724 [02:32<06:29,  1.31it/s]
 30%|██▉       | 214/724 [02:32<06:01,  1.41it/s]
 30%|██▉       | 215/724 [02:33<05:31,  1.54it/s]
 30%|██▉       | 216/724 [02:33<05:22,  1.58it/s]
 30%|██▉       | 217/724 [02:34<05:20,  1.58it/s]
 30%|███       | 218/724 [02:35<05:33,  1.52it/s]
 30%|███       | 219/724 [02:35<05:17,  1.59it/s]
 30%|███       | 220/724 [02:36<05:27,  1.54it/s]
 31%|███       | 221/724 [02:37<05:29,  1.53it/s]
 31%|███       | 222/724 [02:38<05:57,  1.41it/s]
 31%|███       | 223/724 [02:38<05:31,  1.51it/s]
 31%|███       | 224/724 [02:39<05:20,  1.56it/s]
 31%|███       | 225/724 [02:39<05:19,  1.56it/s]
                                                 

 31%|███       | 225/724 [02:40<05:19,  1.56it/s]
 31%|███       | 226/724 [02:40<05:16,  1.58it/s]
 31%|███▏      | 227/724 [02:41<05:09,  1.61it/s]
 31%|███▏      | 228/724 [02:41<05:36,  1.47it/s]
 32%|███▏      | 229/724 [02:42<06:28,  1.27it/s]
 32%|███▏      | 230/724 [02:43<05:50,  1.41it/s]
 32%|███▏      | 231/724 [02:44<06:46,  1.21it/s]
 32%|███▏      | 232/724 [02:45<06:31,  1.26it/s]
 32%|███▏      | 233/724 [02:45<05:54,  1.38it/s]
 32%|███▏      | 234/724 [02:46<05:41,  1.43it/s]
 32%|███▏      | 235/724 [02:47<05:38,  1.44it/s]
 33%|███▎      | 236/724 [02:47<05:30,  1.48it/s]
 33%|███▎      | 237/724 [02:48<05:42,  1.42it/s]
 33%|███▎      | 238/724 [02:49<05:40,  1.43it/s]
 33%|███▎      | 239/724 [02:49<05:39,  1.43it/s]
 33%|███▎      | 240/724 [02:50<05:52,  1.37it/s]
 33%|███▎      | 241/724 [02:51<05:49,  1.38it/s]
 33%|███▎      | 242/724 [02:52<07:17,  1.10it/s]
 34%|███▎      | 243/724 [02:53<06:42,  1.20it/s]
 34%|███▎      | 244/724 [02:54<05:59,  1.34it/s]
 34%|███▍      | 245/724 [02:54<05:26,  1.46it/s]
 34%|███▍      | 246/724 [02:55<05:48,  1.37it/s]
 34%|███▍      | 247/724 [02:56<06:18,  1.26it/s]
 34%|███▍      | 248/724 [02:57<06:32,  1.21it/s]
 34%|███▍      | 249/724 [02:57<05:51,  1.35it/s]
 35%|███▍      | 250/724 [02:58<06:31,  1.21it/s]
                                                 

 35%|███▍      | 250/724 [02:59<06:31,  1.21it/s]
 35%|███▍      | 251/724 [02:59<06:13,  1.26it/s]
 35%|███▍      | 252/724 [02:59<05:29,  1.43it/s]
 35%|███▍      | 253/724 [03:00<05:06,  1.54it/s]
 35%|███▌      | 254/724 [03:01<04:51,  1.61it/s]
 35%|███▌      | 255/724 [03:01<04:41,  1.67it/s]
 35%|███▌      | 256/724 [03:02<06:26,  1.21it/s]
 35%|███▌      | 257/724 [03:03<05:58,  1.30it/s]
 36%|███▌      | 258/724 [03:04<05:26,  1.43it/s]
 36%|███▌      | 259/724 [03:04<05:25,  1.43it/s]
 36%|███▌      | 260/724 [03:05<05:23,  1.43it/s]
 36%|███▌      | 261/724 [03:06<05:18,  1.45it/s]
 36%|███▌      | 262/724 [03:06<04:46,  1.61it/s]
 36%|███▋      | 263/724 [03:07<04:43,  1.62it/s]
 36%|███▋      | 264/724 [03:07<04:49,  1.59it/s]
 37%|███▋      | 265/724 [03:08<04:40,  1.64it/s]
 37%|███▋      | 266/724 [03:09<05:01,  1.52it/s]
 37%|███▋      | 267/724 [03:10<05:50,  1.30it/s]
 37%|███▋      | 268/724 [03:10<05:30,  1.38it/s]
 37%|███▋      | 269/724 [03:11<04:56,  1.54it/s]
 37%|███▋      | 270/724 [03:12<05:02,  1.50it/s]
 37%|███▋      | 271/724 [03:12<04:45,  1.59it/s]
 38%|███▊      | 272/724 [03:13<04:33,  1.65it/s]
 38%|███▊      | 273/724 [03:13<04:37,  1.63it/s]
 38%|███▊      | 274/724 [03:14<04:29,  1.67it/s]
 38%|███▊      | 275/724 [03:14<04:13,  1.77it/s]
                                                 

 38%|███▊      | 275/724 [03:15<04:13,  1.77it/s]
 38%|███▊      | 276/724 [03:16<05:55,  1.26it/s]
 38%|███▊      | 277/724 [03:16<05:21,  1.39it/s]
 38%|███▊      | 278/724 [03:17<05:38,  1.32it/s]
 39%|███▊      | 279/724 [03:18<05:08,  1.44it/s]
 39%|███▊      | 280/724 [03:19<06:32,  1.13it/s]
 39%|███▉      | 281/724 [03:20<06:06,  1.21it/s]
 39%|███▉      | 282/724 [03:20<05:36,  1.31it/s]
 39%|███▉      | 283/724 [03:21<05:25,  1.35it/s]
 39%|███▉      | 284/724 [03:21<04:49,  1.52it/s]
 39%|███▉      | 285/724 [03:22<04:45,  1.53it/s]
 40%|███▉      | 286/724 [03:23<04:43,  1.55it/s]
 40%|███▉      | 287/724 [03:23<04:21,  1.67it/s]
 40%|███▉      | 288/724 [03:24<04:29,  1.62it/s]
 40%|███▉      | 289/724 [03:24<04:22,  1.66it/s]
 40%|████      | 290/724 [03:25<05:24,  1.34it/s]
 40%|████      | 291/724 [03:26<05:07,  1.41it/s]
 40%|████      | 292/724 [03:27<05:07,  1.40it/s]
 40%|████      | 293/724 [03:28<06:06,  1.17it/s]
 41%|████      | 294/724 [03:28<05:11,  1.38it/s]
 41%|████      | 295/724 [03:29<04:54,  1.46it/s]
 41%|████      | 296/724 [03:30<04:54,  1.45it/s]
 41%|████      | 297/724 [03:30<04:51,  1.46it/s]
 41%|████      | 298/724 [03:31<04:50,  1.46it/s]
 41%|████▏     | 299/724 [03:32<04:26,  1.59it/s]
 41%|████▏     | 300/724 [03:32<04:16,  1.66it/s]
                                                 

 41%|████▏     | 300/724 [03:32<04:16,  1.66it/s]
 42%|████▏     | 301/724 [03:33<05:14,  1.34it/s]
 42%|████▏     | 302/724 [03:34<05:01,  1.40it/s]
 42%|████▏     | 303/724 [03:35<05:18,  1.32it/s]
 42%|████▏     | 304/724 [03:35<05:05,  1.38it/s]
 42%|████▏     | 305/724 [03:36<04:35,  1.52it/s]
 42%|████▏     | 306/724 [03:37<04:59,  1.40it/s]
 42%|████▏     | 307/724 [03:37<04:43,  1.47it/s]
 43%|████▎     | 308/724 [03:38<04:28,  1.55it/s]
 43%|████▎     | 309/724 [03:39<04:26,  1.56it/s]
 43%|████▎     | 310/724 [03:39<04:20,  1.59it/s]
 43%|████▎     | 311/724 [03:40<04:17,  1.61it/s]
 43%|████▎     | 312/724 [03:40<04:30,  1.52it/s]
 43%|████▎     | 313/724 [03:41<04:53,  1.40it/s]
 43%|████▎     | 314/724 [03:42<04:48,  1.42it/s]
 44%|████▎     | 315/724 [03:43<04:28,  1.52it/s]
 44%|████▎     | 316/724 [03:44<05:12,  1.30it/s]
 44%|████▍     | 317/724 [03:44<04:31,  1.50it/s]
 44%|████▍     | 318/724 [03:45<04:35,  1.48it/s]
 44%|████▍     | 319/724 [03:45<04:05,  1.65it/s]
 44%|████▍     | 320/724 [03:46<04:16,  1.58it/s]
 44%|████▍     | 321/724 [03:47<05:40,  1.18it/s]
 44%|████▍     | 322/724 [03:48<05:09,  1.30it/s]
 45%|████▍     | 323/724 [03:48<04:58,  1.34it/s]
 45%|████▍     | 324/724 [03:49<04:36,  1.45it/s]
 45%|████▍     | 325/724 [03:50<05:27,  1.22it/s]
                                                 

 45%|████▍     | 325/724 [03:50<05:27,  1.22it/s]
 45%|████▌     | 326/724 [03:51<05:12,  1.27it/s]
 45%|████▌     | 327/724 [03:51<04:42,  1.40it/s]
 45%|████▌     | 328/724 [03:52<04:38,  1.42it/s]
 45%|████▌     | 329/724 [03:53<04:42,  1.40it/s]
 46%|████▌     | 330/724 [03:54<04:43,  1.39it/s]
 46%|████▌     | 331/724 [03:54<04:23,  1.49it/s]
 46%|████▌     | 332/724 [03:55<05:05,  1.28it/s]
 46%|████▌     | 333/724 [03:56<06:07,  1.06it/s]
 46%|████▌     | 334/724 [03:57<05:56,  1.09it/s]
 46%|████▋     | 335/724 [03:58<05:03,  1.28it/s]
 46%|████▋     | 336/724 [03:58<04:34,  1.41it/s]
 47%|████▋     | 337/724 [03:59<04:32,  1.42it/s]
 47%|████▋     | 338/724 [04:00<04:27,  1.44it/s]
 47%|████▋     | 339/724 [04:00<04:23,  1.46it/s]
 47%|████▋     | 340/724 [04:01<04:24,  1.45it/s]
 47%|████▋     | 341/724 [04:02<04:09,  1.53it/s]
 47%|████▋     | 342/724 [04:02<04:24,  1.44it/s]
 47%|████▋     | 343/724 [04:03<04:12,  1.51it/s]
 48%|████▊     | 344/724 [04:04<04:14,  1.49it/s]
 48%|████▊     | 345/724 [04:04<04:00,  1.58it/s]
 48%|████▊     | 346/724 [04:05<04:42,  1.34it/s]
 48%|████▊     | 347/724 [04:06<04:23,  1.43it/s]
 48%|████▊     | 348/724 [04:07<04:30,  1.39it/s]
 48%|████▊     | 349/724 [04:08<05:05,  1.23it/s]
 48%|████▊     | 350/724 [04:08<04:44,  1.31it/s]
                                                 

 48%|████▊     | 350/724 [04:09<04:44,  1.31it/s]
 48%|████▊     | 351/724 [04:09<05:09,  1.21it/s]
 49%|████▊     | 352/724 [04:10<04:43,  1.31it/s]
 49%|████▉     | 353/724 [04:10<04:20,  1.42it/s]
 49%|████▉     | 354/724 [04:11<04:15,  1.45it/s]
 49%|████▉     | 355/724 [04:12<04:18,  1.43it/s]
 49%|████▉     | 356/724 [04:12<03:52,  1.58it/s]
 49%|████▉     | 357/724 [04:13<03:44,  1.63it/s]
 49%|████▉     | 358/724 [04:14<03:56,  1.55it/s]
 50%|████▉     | 359/724 [04:14<04:02,  1.50it/s]
 50%|████▉     | 360/724 [04:15<03:50,  1.58it/s]
 50%|████▉     | 361/724 [04:16<03:56,  1.54it/s]
{'loss': '0.5754', 'grad_norm': '1.036', 'learning_rate': '1.456e-05', 'epoch': '1.105'}
{'loss': '0.5356', 'grad_norm': '48', 'learning_rate': '1.387e-05', 'epoch': '1.243'}
{'loss': '0.4738', 'grad_norm': '0.9511', 'learning_rate': '1.318e-05', 'epoch': '1.381'}
{'loss': '0.4558', 'grad_norm': '0.8123', 'learning_rate': '1.249e-05', 'epoch': '1.519'}
{'loss': '0.3895', 'grad_norm': '0.7422', 'learning_rate': '1.18e-05', 'epoch': '1.657'}
{'loss': '0.3927', 'grad_norm': '0.7028', 'learning_rate': '1.11e-05', 'epoch': '1.796'}
{'loss': '0.3768', 'grad_norm': '0.6547', 'learning_rate': '1.041e-05', 'epoch': '1.934'}
 50%|█████     | 362/724 [04:16<03:32,  1.71it/s]

  0%|          | 0/39 [00:00<?, ?it/s][A

 13%|█▎        | 5/39 [00:00<00:00, 42.27it/s][A

 26%|██▌       | 10/39 [00:00<00:00, 40.87it/s][A

 38%|███▊      | 15/39 [00:00<00:00, 39.89it/s][A

 49%|████▊     | 19/39 [00:00<00:00, 39.75it/s][A

 62%|██████▏   | 24/39 [00:00<00:00, 40.48it/s][A

 74%|███████▍  | 29/39 [00:00<00:00, 39.47it/s][A

 85%|████████▍ | 33/39 [00:00<00:00, 37.01it/s][A

 95%|█████████▍| 37/39 [00:00<00:00, 37.81it/s][A
                                                 


                                               
[A
 50%|█████     | 362/724 [04:17<03:32,  1.71it/s]

100%|██████████| 39/39 [00:01<00:00, 37.81it/s][A

{'eval_loss': '0.354', 'eval_macro_f1': '0.568', 'eval_smishing_recall': '0', 'eval_runtime': '1.38', 'eval_samples_per_second': '447.9', 'eval_steps_per_second': '28.27', 'epoch': '2'}
                                               [A

Writing model shards:   0%|          | 0/1 [00:00<?, ?it/s][A

Writing model shards: 100%|██████████| 1/1 [00:01<00:00,  1.21s/it][A
Writing model shards: 100%|██████████| 1/1 [00:01<00:00,  1.21s/it]
The OrderedVocab you are attempting to save contains holes for indices [202, 437, 1046, 1057, 1118, 1135, 1150, 1162, 1318, 1445, 1473, 1610, 1626, 1775, 3517, 3643, 4513, 5830, 7834, 12787, 13244, 19712, 25184, 27726, 28024, 31739, 65274], your vocabulary could be corrupted!

 50%|█████     | 363/724 [04:21<11:41,  1.94s/it]
 50%|█████     | 364/724 [04:22<10:34,  1.76s/it]
 50%|█████     | 365/724 [04:23<08:25,  1.41s/it]
 51%|█████     | 366/724 [04:24<06:55,  1.16s/it]
 51%|█████     | 367/724 [04:24<05:50,  1.02it/s]
 51%|█████     | 368/724 [04:25<05:21,  1.11it/s]
 51%|█████     | 369/724 [04:25<04:42,  1.26it/s]
 51%|█████     | 370/724 [04:26<04:28,  1.32it/s]
 51%|█████     | 371/724 [04:27<04:14,  1.39it/s]
 51%|█████▏    | 372/724 [04:27<03:47,  1.55it/s]
 52%|█████▏    | 373/724 [04:28<03:24,  1.72it/s]
 52%|█████▏    | 374/724 [04:28<03:31,  1.66it/s]
 52%|█████▏    | 375/724 [04:29<03:30,  1.66it/s]
                                                 

 52%|█████▏    | 375/724 [04:29<03:30,  1.66it/s]
 52%|█████▏    | 376/724 [04:29<03:29,  1.66it/s]
 52%|█████▏    | 377/724 [04:30<03:56,  1.47it/s]
 52%|█████▏    | 378/724 [04:31<03:55,  1.47it/s]
 52%|█████▏    | 379/724 [04:32<03:39,  1.57it/s]
 52%|█████▏    | 380/724 [04:32<03:54,  1.47it/s]
 53%|█████▎    | 381/724 [04:33<03:54,  1.46it/s]
 53%|█████▎    | 382/724 [04:34<04:35,  1.24it/s]
 53%|█████▎    | 383/724 [04:35<04:12,  1.35it/s]
 53%|█████▎    | 384/724 [04:35<04:06,  1.38it/s]
 53%|█████▎    | 385/724 [04:36<03:48,  1.48it/s]
 53%|█████▎    | 386/724 [04:37<04:39,  1.21it/s]
 53%|█████▎    | 387/724 [04:38<04:08,  1.36it/s]
 54%|█████▎    | 388/724 [04:38<03:40,  1.52it/s]
 54%|█████▎    | 389/724 [04:39<03:41,  1.52it/s]
 54%|█████▍    | 390/724 [04:39<03:30,  1.59it/s]
 54%|█████▍    | 391/724 [04:40<03:22,  1.64it/s]
 54%|█████▍    | 392/724 [04:41<03:34,  1.55it/s]
 54%|█████▍    | 393/724 [04:41<03:42,  1.49it/s]
 54%|█████▍    | 394/724 [04:42<03:43,  1.48it/s]
 55%|█████▍    | 395/724 [04:43<03:31,  1.56it/s]
 55%|█████▍    | 396/724 [04:44<04:12,  1.30it/s]
 55%|█████▍    | 397/724 [04:44<03:59,  1.36it/s]
 55%|█████▍    | 398/724 [04:45<03:45,  1.45it/s]
 55%|█████▌    | 399/724 [04:46<04:47,  1.13it/s]
 55%|█████▌    | 400/724 [04:47<05:09,  1.05it/s]
                                                 

 55%|█████▌    | 400/724 [04:48<05:09,  1.05it/s]
 55%|█████▌    | 401/724 [04:48<04:41,  1.15it/s]
 56%|█████▌    | 402/724 [04:49<04:23,  1.22it/s]
 56%|█████▌    | 403/724 [04:50<04:44,  1.13it/s]
 56%|█████▌    | 404/724 [04:50<04:21,  1.22it/s]
 56%|█████▌    | 405/724 [04:51<03:46,  1.41it/s]
 56%|█████▌    | 406/724 [04:52<03:38,  1.46it/s]
 56%|█████▌    | 407/724 [04:52<03:37,  1.46it/s]
 56%|█████▋    | 408/724 [04:53<03:19,  1.59it/s]
 56%|█████▋    | 409/724 [04:53<03:14,  1.62it/s]
 57%|█████▋    | 410/724 [04:54<03:12,  1.63it/s]
 57%|█████▋    | 411/724 [04:55<03:16,  1.59it/s]
 57%|█████▋    | 412/724 [04:55<03:22,  1.54it/s]
 57%|█████▋    | 413/724 [04:56<03:12,  1.62it/s]
 57%|█████▋    | 414/724 [04:56<03:09,  1.64it/s]
 57%|█████▋    | 415/724 [04:57<03:02,  1.69it/s]
 57%|█████▋    | 416/724 [04:58<03:22,  1.52it/s]
 58%|█████▊    | 417/724 [04:58<03:13,  1.59it/s]
 58%|█████▊    | 418/724 [04:59<03:41,  1.38it/s]
 58%|█████▊    | 419/724 [05:00<04:04,  1.25it/s]
 58%|█████▊    | 420/724 [05:02<04:52,  1.04it/s]
 58%|█████▊    | 421/724 [05:02<04:18,  1.17it/s]
 58%|█████▊    | 422/724 [05:03<03:56,  1.27it/s]
 58%|█████▊    | 423/724 [05:03<03:35,  1.40it/s]
 59%|█████▊    | 424/724 [05:04<03:30,  1.43it/s]
 59%|█████▊    | 425/724 [05:05<03:28,  1.44it/s]
                                                 

 59%|█████▊    | 425/724 [05:05<03:28,  1.44it/s]
 59%|█████▉    | 426/724 [05:05<03:06,  1.60it/s]
 59%|█████▉    | 427/724 [05:06<03:42,  1.34it/s]
 59%|█████▉    | 428/724 [05:07<03:23,  1.45it/s]
 59%|█████▉    | 429/724 [05:07<03:07,  1.57it/s]
 59%|█████▉    | 430/724 [05:08<03:48,  1.29it/s]
 60%|█████▉    | 431/724 [05:09<03:26,  1.42it/s]
 60%|█████▉    | 432/724 [05:09<03:12,  1.52it/s]
 60%|█████▉    | 433/724 [05:10<03:15,  1.49it/s]
 60%|█████▉    | 434/724 [05:11<03:15,  1.48it/s]
 60%|██████    | 435/724 [05:11<03:04,  1.57it/s]
 60%|██████    | 436/724 [05:13<04:05,  1.17it/s]
 60%|██████    | 437/724 [05:13<03:49,  1.25it/s]
 60%|██████    | 438/724 [05:14<03:47,  1.26it/s]
 61%|██████    | 439/724 [05:15<03:18,  1.43it/s]
 61%|██████    | 440/724 [05:16<04:12,  1.12it/s]
 61%|██████    | 441/724 [05:17<03:40,  1.29it/s]
 61%|██████    | 442/724 [05:17<03:44,  1.25it/s]
 61%|██████    | 443/724 [05:18<03:24,  1.37it/s]
 61%|██████▏   | 444/724 [05:18<03:07,  1.50it/s]
 61%|██████▏   | 445/724 [05:19<02:47,  1.66it/s]
 62%|██████▏   | 446/724 [05:20<02:55,  1.58it/s]
 62%|██████▏   | 447/724 [05:20<03:12,  1.44it/s]
 62%|██████▏   | 448/724 [05:21<03:28,  1.32it/s]
 62%|██████▏   | 449/724 [05:23<04:15,  1.08it/s]
 62%|██████▏   | 450/724 [05:23<03:52,  1.18it/s]
                                                 

 62%|██████▏   | 450/724 [05:24<03:52,  1.18it/s]
 62%|██████▏   | 451/724 [05:24<03:42,  1.23it/s]
 62%|██████▏   | 452/724 [05:25<03:34,  1.27it/s]
 63%|██████▎   | 453/724 [05:25<03:09,  1.43it/s]
 63%|██████▎   | 454/724 [05:26<02:57,  1.52it/s]
 63%|██████▎   | 455/724 [05:26<02:52,  1.56it/s]
 63%|██████▎   | 456/724 [05:27<03:03,  1.46it/s]
 63%|██████▎   | 457/724 [05:28<03:05,  1.44it/s]
 63%|██████▎   | 458/724 [05:29<02:54,  1.52it/s]
 63%|██████▎   | 459/724 [05:29<02:54,  1.52it/s]
 64%|██████▎   | 460/724 [05:30<02:45,  1.60it/s]
 64%|██████▎   | 461/724 [05:30<02:32,  1.73it/s]
 64%|██████▍   | 462/724 [05:31<02:39,  1.65it/s]
 64%|██████▍   | 463/724 [05:31<02:28,  1.76it/s]
 64%|██████▍   | 464/724 [05:32<02:27,  1.77it/s]
 64%|██████▍   | 465/724 [05:33<02:42,  1.59it/s]
 64%|██████▍   | 466/724 [05:33<02:47,  1.54it/s]
 65%|██████▍   | 467/724 [05:34<02:38,  1.62it/s]
 65%|██████▍   | 468/724 [05:35<02:32,  1.67it/s]
 65%|██████▍   | 469/724 [05:35<02:34,  1.65it/s]
 65%|██████▍   | 470/724 [05:36<02:26,  1.73it/s]
 65%|██████▌   | 471/724 [05:36<02:22,  1.78it/s]
 65%|██████▌   | 472/724 [05:37<02:27,  1.70it/s]
 65%|██████▌   | 473/724 [05:37<02:23,  1.75it/s]
 65%|██████▌   | 474/724 [05:38<02:19,  1.80it/s]
 66%|██████▌   | 475/724 [05:39<02:53,  1.44it/s]
                                                 

 66%|██████▌   | 475/724 [05:39<02:53,  1.44it/s]
 66%|██████▌   | 476/724 [05:39<02:41,  1.54it/s]
 66%|██████▌   | 477/724 [05:40<02:37,  1.57it/s]
 66%|██████▌   | 478/724 [05:41<02:36,  1.57it/s]
 66%|██████▌   | 479/724 [05:42<02:51,  1.43it/s]
 66%|██████▋   | 480/724 [05:43<03:13,  1.26it/s]
 66%|██████▋   | 481/724 [05:43<02:52,  1.40it/s]
 67%|██████▋   | 482/724 [05:44<03:34,  1.13it/s]
 67%|██████▋   | 483/724 [05:45<03:15,  1.23it/s]
 67%|██████▋   | 484/724 [05:45<02:47,  1.43it/s]
 67%|██████▋   | 485/724 [05:46<02:49,  1.41it/s]
 67%|██████▋   | 486/724 [05:47<02:34,  1.54it/s]
 67%|██████▋   | 487/724 [05:47<02:36,  1.52it/s]
 67%|██████▋   | 488/724 [05:48<02:35,  1.51it/s]
 68%|██████▊   | 489/724 [05:49<02:37,  1.49it/s]
 68%|██████▊   | 490/724 [05:49<02:36,  1.49it/s]
 68%|██████▊   | 491/724 [05:50<02:21,  1.64it/s]
 68%|██████▊   | 492/724 [05:50<02:16,  1.70it/s]
 68%|██████▊   | 493/724 [05:51<02:23,  1.61it/s]
 68%|██████▊   | 494/724 [05:52<02:38,  1.45it/s]
 68%|██████▊   | 495/724 [05:52<02:27,  1.55it/s]
 69%|██████▊   | 496/724 [05:53<02:33,  1.49it/s]
 69%|██████▊   | 497/724 [05:54<02:34,  1.47it/s]
 69%|██████▉   | 498/724 [05:55<02:49,  1.33it/s]
 69%|██████▉   | 499/724 [05:55<02:29,  1.51it/s]
 69%|██████▉   | 500/724 [05:56<02:20,  1.59it/s]
                                                 

 69%|██████▉   | 500/724 [05:56<02:20,  1.59it/s]
 69%|██████▉   | 501/724 [05:56<02:20,  1.59it/s]
 69%|██████▉   | 502/724 [05:57<02:25,  1.53it/s]
 69%|██████▉   | 503/724 [05:58<02:49,  1.30it/s]
 70%|██████▉   | 504/724 [05:59<02:38,  1.38it/s]
 70%|██████▉   | 505/724 [05:59<02:23,  1.53it/s]
 70%|██████▉   | 506/724 [06:00<02:23,  1.52it/s]
 70%|███████   | 507/724 [06:01<02:23,  1.51it/s]
 70%|███████   | 508/724 [06:01<02:13,  1.62it/s]
 70%|███████   | 509/724 [06:02<02:09,  1.66it/s]
 70%|███████   | 510/724 [06:02<02:16,  1.57it/s]
 71%|███████   | 511/724 [06:03<02:19,  1.53it/s]
 71%|███████   | 512/724 [06:04<02:07,  1.66it/s]
 71%|███████   | 513/724 [06:04<02:13,  1.58it/s]
 71%|███████   | 514/724 [06:05<02:16,  1.54it/s]
 71%|███████   | 515/724 [06:06<02:17,  1.52it/s]
 71%|███████▏  | 516/724 [06:06<02:13,  1.56it/s]
 71%|███████▏  | 517/724 [06:07<02:06,  1.64it/s]
 72%|███████▏  | 518/724 [06:08<02:09,  1.59it/s]
 72%|███████▏  | 519/724 [06:09<02:39,  1.29it/s]
 72%|███████▏  | 520/724 [06:09<02:33,  1.33it/s]
 72%|███████▏  | 521/724 [06:10<02:20,  1.44it/s]
 72%|███████▏  | 522/724 [06:11<02:27,  1.37it/s]
 72%|███████▏  | 523/724 [06:11<02:20,  1.43it/s]
 72%|███████▏  | 524/724 [06:12<02:05,  1.59it/s]
 73%|███████▎  | 525/724 [06:12<01:58,  1.68it/s]
                                                 

 73%|███████▎  | 525/724 [06:13<01:58,  1.68it/s]
 73%|███████▎  | 526/724 [06:13<02:00,  1.64it/s]
 73%|███████▎  | 527/724 [06:14<01:57,  1.68it/s]
 73%|███████▎  | 528/724 [06:14<01:54,  1.71it/s]
 73%|███████▎  | 529/724 [06:15<01:52,  1.73it/s]
 73%|███████▎  | 530/724 [06:15<02:06,  1.54it/s]
 73%|███████▎  | 531/724 [06:16<02:27,  1.31it/s]
 73%|███████▎  | 532/724 [06:17<02:27,  1.30it/s]
 74%|███████▎  | 533/724 [06:18<02:22,  1.34it/s]
 74%|███████▍  | 534/724 [06:19<02:13,  1.42it/s]
 74%|███████▍  | 535/724 [06:19<02:19,  1.36it/s]
 74%|███████▍  | 536/724 [06:20<02:14,  1.40it/s]
 74%|███████▍  | 537/724 [06:21<02:17,  1.36it/s]
 74%|███████▍  | 538/724 [06:22<02:49,  1.10it/s]
 74%|███████▍  | 539/724 [06:24<03:14,  1.05s/it]
 75%|███████▍  | 540/724 [06:24<02:53,  1.06it/s]
 75%|███████▍  | 541/724 [06:25<02:57,  1.03it/s]
 75%|███████▍  | 542/724 [06:26<02:44,  1.11it/s]
{'loss': '0.3441', 'grad_norm': '0.6129', 'learning_rate': '9.724e-06', 'epoch': '2.072'}
{'loss': '0.3344', 'grad_norm': '0.522', 'learning_rate': '9.033e-06', 'epoch': '2.21'}
{'loss': '0.343', 'grad_norm': '0.531', 'learning_rate': '8.343e-06', 'epoch': '2.348'}
{'loss': '0.3237', 'grad_norm': '0.6762', 'learning_rate': '7.652e-06', 'epoch': '2.486'}
{'loss': '0.3023', 'grad_norm': '0.4528', 'learning_rate': '6.961e-06', 'epoch': '2.624'}
{'loss': '0.283', 'grad_norm': '0.4707', 'learning_rate': '6.271e-06', 'epoch': '2.762'}
{'loss': '0.3101', 'grad_norm': '0.4109', 'learning_rate': '5.58e-06', 'epoch': '2.901'}
 75%|███████▌  | 543/724 [06:26<02:17,  1.32it/s]

  0%|          | 0/39 [00:00<?, ?it/s][A

 13%|█▎        | 5/39 [00:00<00:00, 42.90it/s][A

 26%|██▌       | 10/39 [00:00<00:00, 41.35it/s][A

 38%|███▊      | 15/39 [00:00<00:00, 39.72it/s][A

 49%|████▊     | 19/39 [00:00<00:00, 39.53it/s][A

 62%|██████▏   | 24/39 [00:00<00:00, 39.90it/s][A

 72%|███████▏  | 28/39 [00:00<00:00, 39.60it/s][A

 82%|████████▏ | 32/39 [00:00<00:00, 36.56it/s][A

 95%|█████████▍| 37/39 [00:00<00:00, 37.75it/s][A
                                                 


                                               
[A
 75%|███████▌  | 543/724 [06:28<02:17,  1.32it/s]

100%|██████████| 39/39 [00:01<00:00, 37.75it/s][A

{'eval_loss': '0.3141', 'eval_macro_f1': '0.5673', 'eval_smishing_recall': '0', 'eval_runtime': '1.389', 'eval_samples_per_second': '444.9', 'eval_steps_per_second': '28.08', 'epoch': '3'}
                                               [A

Writing model shards:   0%|          | 0/1 [00:00<?, ?it/s][A

Writing model shards: 100%|██████████| 1/1 [00:00<00:00,  1.00it/s][A
Writing model shards: 100%|██████████| 1/1 [00:00<00:00,  1.00it/s]
The OrderedVocab you are attempting to save contains holes for indices [202, 437, 1046, 1057, 1118, 1135, 1150, 1162, 1318, 1445, 1473, 1610, 1626, 1775, 3517, 3643, 4513, 5830, 7834, 12787, 13244, 19712, 25184, 27726, 28024, 31739, 65274], your vocabulary could be corrupted!

 75%|███████▌  | 544/724 [06:32<06:30,  2.17s/it]
 75%|███████▌  | 545/724 [06:32<05:04,  1.70s/it]
 75%|███████▌  | 546/724 [06:33<04:12,  1.42s/it]
 76%|███████▌  | 547/724 [06:34<03:34,  1.21s/it]
 76%|███████▌  | 548/724 [06:35<02:57,  1.01s/it]
 76%|███████▌  | 549/724 [06:35<02:35,  1.12it/s]
 76%|███████▌  | 550/724 [06:36<02:32,  1.14it/s]
                                                 

 76%|███████▌  | 550/724 [06:36<02:32,  1.14it/s]
 76%|███████▌  | 551/724 [06:37<02:21,  1.22it/s]
 76%|███████▌  | 552/724 [06:37<02:14,  1.28it/s]
 76%|███████▋  | 553/724 [06:38<02:24,  1.18it/s]
 77%|███████▋  | 554/724 [06:39<02:23,  1.18it/s]
 77%|███████▋  | 555/724 [06:40<02:10,  1.30it/s]
 77%|███████▋  | 556/724 [06:40<01:58,  1.42it/s]
 77%|███████▋  | 557/724 [06:41<01:58,  1.41it/s]
 77%|███████▋  | 558/724 [06:42<01:52,  1.47it/s]
 77%|███████▋  | 559/724 [06:42<01:45,  1.56it/s]
 77%|███████▋  | 560/724 [06:43<01:59,  1.38it/s]
 77%|███████▋  | 561/724 [06:44<01:49,  1.49it/s]
 78%|███████▊  | 562/724 [06:44<01:53,  1.43it/s]
 78%|███████▊  | 563/724 [06:45<01:45,  1.53it/s]
 78%|███████▊  | 564/724 [06:46<02:03,  1.30it/s]
 78%|███████▊  | 565/724 [06:47<01:50,  1.44it/s]
 78%|███████▊  | 566/724 [06:48<02:19,  1.13it/s]
 78%|███████▊  | 567/724 [06:49<02:16,  1.15it/s]
 78%|███████▊  | 568/724 [06:49<02:07,  1.23it/s]
 79%|███████▊  | 569/724 [06:50<01:54,  1.36it/s]
 79%|███████▊  | 570/724 [06:51<01:44,  1.47it/s]
 79%|███████▉  | 571/724 [06:51<01:38,  1.56it/s]
 79%|███████▉  | 572/724 [06:52<01:37,  1.56it/s]
 79%|███████▉  | 573/724 [06:53<02:00,  1.25it/s]
 79%|███████▉  | 574/724 [06:53<01:48,  1.38it/s]
 79%|███████▉  | 575/724 [06:54<01:35,  1.55it/s]
                                                 

 79%|███████▉  | 575/724 [06:54<01:35,  1.55it/s]
 80%|███████▉  | 576/724 [06:55<01:36,  1.54it/s]
 80%|███████▉  | 577/724 [06:55<01:33,  1.58it/s]
 80%|███████▉  | 578/724 [06:56<01:31,  1.60it/s]
 80%|███████▉  | 579/724 [06:56<01:27,  1.67it/s]
 80%|████████  | 580/724 [06:58<01:59,  1.21it/s]
 80%|████████  | 581/724 [06:59<02:20,  1.02it/s]
 80%|████████  | 582/724 [07:00<02:00,  1.18it/s]
 81%|████████  | 583/724 [07:00<01:47,  1.31it/s]
 81%|████████  | 584/724 [07:01<01:57,  1.19it/s]
 81%|████████  | 585/724 [07:02<01:54,  1.22it/s]
 81%|████████  | 586/724 [07:03<01:45,  1.31it/s]
 81%|████████  | 587/724 [07:03<01:40,  1.36it/s]
 81%|████████  | 588/724 [07:04<01:30,  1.50it/s]
 81%|████████▏ | 589/724 [07:05<01:46,  1.26it/s]
 81%|████████▏ | 590/724 [07:05<01:36,  1.39it/s]
 82%|████████▏ | 591/724 [07:06<01:34,  1.40it/s]
 82%|████████▏ | 592/724 [07:07<01:28,  1.50it/s]
 82%|████████▏ | 593/724 [07:07<01:33,  1.40it/s]
 82%|████████▏ | 594/724 [07:08<01:27,  1.48it/s]
 82%|████████▏ | 595/724 [07:08<01:19,  1.62it/s]
 82%|████████▏ | 596/724 [07:09<01:22,  1.55it/s]
 82%|████████▏ | 597/724 [07:10<01:33,  1.36it/s]
 83%|████████▎ | 598/724 [07:11<01:38,  1.28it/s]
 83%|████████▎ | 599/724 [07:12<01:34,  1.33it/s]
 83%|████████▎ | 600/724 [07:12<01:27,  1.41it/s]
                                                 

 83%|████████▎ | 600/724 [07:13<01:27,  1.41it/s]
 83%|████████▎ | 601/724 [07:13<01:26,  1.42it/s]
 83%|████████▎ | 602/724 [07:14<01:20,  1.52it/s]
 83%|████████▎ | 603/724 [07:14<01:14,  1.62it/s]
 83%|████████▎ | 604/724 [07:15<01:11,  1.68it/s]
 84%|████████▎ | 605/724 [07:15<01:06,  1.80it/s]
 84%|████████▎ | 606/724 [07:16<01:05,  1.79it/s]
 84%|████████▍ | 607/724 [07:16<01:06,  1.75it/s]
 84%|████████▍ | 608/724 [07:18<01:32,  1.25it/s]
 84%|████████▍ | 609/724 [07:18<01:35,  1.21it/s]
 84%|████████▍ | 610/724 [07:19<01:27,  1.31it/s]
 84%|████████▍ | 611/724 [07:20<01:23,  1.36it/s]
 85%|████████▍ | 612/724 [07:20<01:17,  1.45it/s]
 85%|████████▍ | 613/724 [07:21<01:14,  1.49it/s]
 85%|████████▍ | 614/724 [07:22<01:15,  1.46it/s]
 85%|████████▍ | 615/724 [07:22<01:17,  1.40it/s]
 85%|████████▌ | 616/724 [07:23<01:13,  1.48it/s]
 85%|████████▌ | 617/724 [07:24<01:33,  1.14it/s]
 85%|████████▌ | 618/724 [07:25<01:27,  1.21it/s]
 85%|████████▌ | 619/724 [07:26<01:21,  1.28it/s]
 86%|████████▌ | 620/724 [07:27<01:38,  1.06it/s]
 86%|████████▌ | 621/724 [07:28<01:27,  1.18it/s]
 86%|████████▌ | 622/724 [07:29<01:41,  1.01it/s]
 86%|████████▌ | 623/724 [07:30<01:32,  1.09it/s]
 86%|████████▌ | 624/724 [07:31<01:25,  1.17it/s]
 86%|████████▋ | 625/724 [07:31<01:21,  1.22it/s]
                                                 

 86%|████████▋ | 625/724 [07:32<01:21,  1.22it/s]
 86%|████████▋ | 626/724 [07:32<01:13,  1.33it/s]
 87%|████████▋ | 627/724 [07:33<01:10,  1.37it/s]
 87%|████████▋ | 628/724 [07:33<01:05,  1.47it/s]
 87%|████████▋ | 629/724 [07:34<01:09,  1.38it/s]
 87%|████████▋ | 630/724 [07:35<01:06,  1.42it/s]
 87%|████████▋ | 631/724 [07:35<01:04,  1.44it/s]
 87%|████████▋ | 632/724 [07:36<01:00,  1.53it/s]
 87%|████████▋ | 633/724 [07:37<01:04,  1.42it/s]
 88%|████████▊ | 634/724 [07:37<00:59,  1.51it/s]
 88%|████████▊ | 635/724 [07:38<01:04,  1.38it/s]
 88%|████████▊ | 636/724 [07:39<01:11,  1.23it/s]
 88%|████████▊ | 637/724 [07:40<01:03,  1.37it/s]
 88%|████████▊ | 638/724 [07:40<00:58,  1.47it/s]
 88%|████████▊ | 639/724 [07:41<00:52,  1.63it/s]
 88%|████████▊ | 640/724 [07:41<00:51,  1.62it/s]
 89%|████████▊ | 641/724 [07:42<00:48,  1.70it/s]
 89%|████████▊ | 642/724 [07:42<00:47,  1.74it/s]
 89%|████████▉ | 643/724 [07:43<00:44,  1.84it/s]
 89%|████████▉ | 644/724 [07:44<00:47,  1.70it/s]
 89%|████████▉ | 645/724 [07:45<00:59,  1.33it/s]
 89%|████████▉ | 646/724 [07:45<00:52,  1.47it/s]
 89%|████████▉ | 647/724 [07:46<00:50,  1.52it/s]
 90%|████████▉ | 648/724 [07:46<00:48,  1.56it/s]
 90%|████████▉ | 649/724 [07:47<00:47,  1.59it/s]
 90%|████████▉ | 650/724 [07:47<00:44,  1.66it/s]
                                                 

 90%|████████▉ | 650/724 [07:48<00:44,  1.66it/s]
 90%|████████▉ | 651/724 [07:48<00:45,  1.59it/s]
 90%|█████████ | 652/724 [07:49<00:42,  1.69it/s]
 90%|█████████ | 653/724 [07:50<00:58,  1.22it/s]
 90%|█████████ | 654/724 [07:51<00:52,  1.33it/s]
 90%|█████████ | 655/724 [07:51<00:48,  1.42it/s]
 91%|█████████ | 656/724 [07:52<00:44,  1.51it/s]
 91%|█████████ | 657/724 [07:53<00:45,  1.47it/s]
 91%|█████████ | 658/724 [07:53<00:47,  1.40it/s]
 91%|█████████ | 659/724 [07:54<00:53,  1.21it/s]
 91%|█████████ | 660/724 [07:55<00:48,  1.32it/s]
 91%|█████████▏| 661/724 [07:55<00:42,  1.47it/s]
 91%|█████████▏| 662/724 [07:56<00:42,  1.45it/s]
 92%|█████████▏| 663/724 [07:57<00:38,  1.58it/s]
 92%|█████████▏| 664/724 [07:57<00:38,  1.57it/s]
 92%|█████████▏| 665/724 [07:58<00:36,  1.63it/s]
 92%|█████████▏| 666/724 [07:59<00:37,  1.56it/s]
 92%|█████████▏| 667/724 [07:59<00:36,  1.57it/s]
 92%|█████████▏| 668/724 [08:00<00:35,  1.59it/s]
 92%|█████████▏| 669/724 [08:00<00:33,  1.66it/s]
 93%|█████████▎| 670/724 [08:01<00:30,  1.76it/s]
 93%|█████████▎| 671/724 [08:01<00:29,  1.78it/s]
 93%|█████████▎| 672/724 [08:02<00:30,  1.71it/s]
 93%|█████████▎| 673/724 [08:03<00:41,  1.24it/s]
 93%|█████████▎| 674/724 [08:04<00:37,  1.33it/s]
 93%|█████████▎| 675/724 [08:05<00:33,  1.48it/s]
                                                 

 93%|█████████▎| 675/724 [08:05<00:33,  1.48it/s]
 93%|█████████▎| 676/724 [08:05<00:32,  1.49it/s]
 94%|█████████▎| 677/724 [08:06<00:30,  1.54it/s]
 94%|█████████▎| 678/724 [08:06<00:27,  1.68it/s]
 94%|█████████▍| 679/724 [08:07<00:26,  1.68it/s]
 94%|█████████▍| 680/724 [08:08<00:27,  1.61it/s]
 94%|█████████▍| 681/724 [08:08<00:28,  1.52it/s]
 94%|█████████▍| 682/724 [08:09<00:29,  1.41it/s]
 94%|█████████▍| 683/724 [08:10<00:28,  1.44it/s]
 94%|█████████▍| 684/724 [08:10<00:27,  1.48it/s]
 95%|█████████▍| 685/724 [08:11<00:26,  1.48it/s]
 95%|█████████▍| 686/724 [08:12<00:29,  1.28it/s]
 95%|█████████▍| 687/724 [08:13<00:25,  1.43it/s]
 95%|█████████▌| 688/724 [08:13<00:23,  1.51it/s]
 95%|█████████▌| 689/724 [08:14<00:23,  1.46it/s]
 95%|█████████▌| 690/724 [08:15<00:24,  1.39it/s]
 95%|█████████▌| 691/724 [08:15<00:22,  1.44it/s]
 96%|█████████▌| 692/724 [08:16<00:20,  1.59it/s]
 96%|█████████▌| 693/724 [08:16<00:19,  1.56it/s]
 96%|█████████▌| 694/724 [08:17<00:20,  1.47it/s]
 96%|█████████▌| 695/724 [08:18<00:18,  1.55it/s]
 96%|█████████▌| 696/724 [08:19<00:18,  1.52it/s]
 96%|█████████▋| 697/724 [08:19<00:19,  1.41it/s]
 96%|█████████▋| 698/724 [08:20<00:17,  1.49it/s]
 97%|█████████▋| 699/724 [08:20<00:15,  1.57it/s]
 97%|█████████▋| 700/724 [08:21<00:14,  1.70it/s]
                                                 

 97%|█████████▋| 700/724 [08:21<00:14,  1.70it/s]
 97%|█████████▋| 701/724 [08:22<00:13,  1.69it/s]
 97%|█████████▋| 702/724 [08:22<00:13,  1.68it/s]
 97%|█████████▋| 703/724 [08:23<00:15,  1.38it/s]
 97%|█████████▋| 704/724 [08:24<00:13,  1.53it/s]
 97%|█████████▋| 705/724 [08:24<00:11,  1.65it/s]
 98%|█████████▊| 706/724 [08:25<00:13,  1.34it/s]
 98%|█████████▊| 707/724 [08:26<00:11,  1.47it/s]
 98%|█████████▊| 708/724 [08:27<00:11,  1.37it/s]
 98%|█████████▊| 709/724 [08:27<00:10,  1.48it/s]
 98%|█████████▊| 710/724 [08:28<00:09,  1.45it/s]
 98%|█████████▊| 711/724 [08:29<00:10,  1.26it/s]
 98%|█████████▊| 712/724 [08:30<00:10,  1.16it/s]
 98%|█████████▊| 713/724 [08:31<00:08,  1.24it/s]
 99%|█████████▊| 714/724 [08:31<00:07,  1.29it/s]
 99%|█████████▉| 715/724 [08:32<00:06,  1.41it/s]
 99%|█████████▉| 716/724 [08:33<00:05,  1.46it/s]
 99%|█████████▉| 717/724 [08:33<00:04,  1.51it/s]
 99%|█████████▉| 718/724 [08:34<00:03,  1.59it/s]
 99%|█████████▉| 719/724 [08:34<00:03,  1.62it/s]
 99%|█████████▉| 720/724 [08:35<00:02,  1.64it/s]
100%|█████████▉| 721/724 [08:36<00:01,  1.60it/s]
100%|█████████▉| 722/724 [08:36<00:01,  1.65it/s]
100%|█████████▉| 723/724 [08:37<00:00,  1.58it/s]
{'loss': '0.3492', 'grad_norm': '0.4253', 'learning_rate': '4.89e-06', 'epoch': '3.039'}
{'loss': '0.27', 'grad_norm': '0.4904', 'learning_rate': '4.199e-06', 'epoch': '3.177'}
{'loss': '0.331', 'grad_norm': '0.5405', 'learning_rate': '3.508e-06', 'epoch': '3.315'}
{'loss': '0.29', 'grad_norm': '0.5399', 'learning_rate': '2.818e-06', 'epoch': '3.453'}
{'loss': '0.2846', 'grad_norm': '0.4932', 'learning_rate': '2.127e-06', 'epoch': '3.591'}
{'loss': '0.2926', 'grad_norm': '0.4223', 'learning_rate': '1.436e-06', 'epoch': '3.729'}
{'loss': '0.2676', 'grad_norm': '0.3685', 'learning_rate': '7.459e-07', 'epoch': '3.867'}
100%|██████████| 724/724 [08:37<00:00,  1.76it/s]

  0%|          | 0/39 [00:00<?, ?it/s][A

 13%|█▎        | 5/39 [00:00<00:00, 41.68it/s][A

 26%|██▌       | 10/39 [00:00<00:00, 40.73it/s][A

 38%|███▊      | 15/39 [00:00<00:00, 39.17it/s][A

 49%|████▊     | 19/39 [00:00<00:00, 38.80it/s][A

 62%|██████▏   | 24/39 [00:00<00:00, 39.46it/s][A

 72%|███████▏  | 28/39 [00:00<00:00, 39.41it/s][A

 82%|████████▏ | 32/39 [00:00<00:00, 35.90it/s][A

 95%|█████████▍| 37/39 [00:00<00:00, 37.05it/s][A
                                                 


                                               
[A
100%|██████████| 724/724 [08:39<00:00,  1.76it/s]

100%|██████████| 39/39 [00:01<00:00, 37.05it/s][A

{'eval_loss': '0.3098', 'eval_macro_f1': '0.5655', 'eval_smishing_recall': '0', 'eval_runtime': '1.395', 'eval_samples_per_second': '442.9', 'eval_steps_per_second': '27.95', 'epoch': '4'}
                                               [A

Writing model shards:   0%|          | 0/1 [00:00<?, ?it/s][A

Writing model shards: 100%|██████████| 1/1 [00:01<00:00,  1.11s/it][A
Writing model shards: 100%|██████████| 1/1 [00:01<00:00,  1.11s/it]
The OrderedVocab you are attempting to save contains holes for indices [202, 437, 1046, 1057, 1118, 1135, 1150, 1162, 1318, 1445, 1473, 1610, 1626, 1775, 3517, 3643, 4513, 5830, 7834, 12787, 13244, 19712, 25184, 27726, 28024, 31739, 65274], your vocabulary could be corrupted!

                                                 

100%|██████████| 724/724 [08:50<00:00,  1.76it/s]
100%|██████████| 724/724 [08:54<00:00,  1.35it/s]
{'train_runtime': '530.6', 'train_samples_per_second': '21.74', 'train_steps_per_second': '1.364', 'train_loss': '0.4792', 'epoch': '4'}

Writing model shards:   0%|          | 0/1 [00:00<?, ?it/s]
Writing model shards: 100%|██████████| 1/1 [00:02<00:00,  2.96s/it]
Writing model shards: 100%|██████████| 1/1 [00:02<00:00,  2.96s/it]
The OrderedVocab you are attempting to save contains holes for indices [202, 437, 1046, 1057, 1118, 1135, 1150, 1162, 1318, 1445, 1473, 1610, 1626, 1775, 3517, 3643, 4513, 5830, 7834, 12787, 13244, 19712, 25184, 27726, 28024, 31739, 65274], your vocabulary could be corrupted!
The OrderedVocab you are attempting to save contains holes for indices [202, 437, 1046, 1057, 1118, 1135, 1150, 1162, 1318, 1445, 1473, 1610, 1626, 1775, 3517, 3643, 4513, 5830, 7834, 12787, 13244, 19712, 25184, 27726, 28024, 31739, 65274], your vocabulary could be corrupted!

=== muril [roman] ===
  macro-F1        : 0.5647
  accuracy        : 0.7947
  smishing recall : 0.0000
    ham       P=0.978 R=0.982 F1=0.980 n=227
    spam      P=0.570 R=0.955 F1=0.714 n=111
    smishing  P=0.000 R=0.000 F1=0.000 n=76

=== muril [native] ===
  macro-F1        : 0.3333
  accuracy        : 1.0000
  smishing recall : 0.0000
    ham       P=1.000 R=1.000 F1=1.000 n=205
    spam      P=0.000 R=0.000 F1=0.000 n=0
    smishing  P=0.000 R=0.000 F1=0.000 n=0
